<?xml version="1.0" encoding="UTF-8"?>
<testng-results skipped="0" failed="0" ignored="0" total="1" passed="1">
  <reporter-output>
  </reporter-output>
  <suite name="Suite" duration-ms="8380" started-at="2018-05-08T19:18:42Z" finished-at="2018-05-08T19:18:51Z">
    <groups>
    </groups>
    <test name="TestNGTests" duration-ms="8380" started-at="2018-05-08T19:18:42Z" finished-at="2018-05-08T19:18:51Z">
      <class name="com.revature.testing.TestNGTests">
        <test-method status="PASS" signature="getDriver()[pri:0, instance:com.revature.testing.TestNGTests@598067a5]" name="getDriver" is-config="true" duration-ms="3397" started-at="2018-05-08T19:18:42Z" finished-at="2018-05-08T19:18:46Z">
          <reporter-output>
          </reporter-output>
        </test-method> <!-- getDriver -->
        <test-method status="PASS" signature="trainerLoginTest()[pri:0, instance:com.revature.testing.TestNGTests@598067a5]" name="trainerLoginTest" duration-ms="4966" started-at="2018-05-08T19:18:46Z" finished-at="2018-05-08T19:18:51Z">
          <reporter-output>
          </reporter-output>
        </test-method> <!-- trainerLoginTest -->
      </class> <!-- com.revature.testing.TestNGTests -->
    </test> <!-- TestNGTests -->
  </suite> <!-- Suite -->
</testng-results>
